<?xml version="1.0" encoding="UTF-8"?>
<robot generator="Robot 3.2.1 (Python 3.7.5 on linux)" generated="20200928 16:59:07.864" rpa="false">
<suite id="s1" name="Isg-Cim-Tpdl-Demo" source="/home/poliveira/git/isg-cim-tpdl-demo">
<suite id="s1-s1" name="Tests" source="/home/poliveira/git/isg-cim-tpdl-demo/Tests">
<suite id="s1-s1-s1" name="TestBinding" source="/home/poliveira/git/isg-cim-tpdl-demo/Tests/TestBinding.robot">
<test id="s1-s1-s1-t1" name="Test HTTP binding">
<kw name="Print current binding" library="HTTP">
<kw name="Log To Console" library="BuiltIn">
<doc>Logs the given message to the console.</doc>
<arguments>
<arg>Current binding is HTTP</arg>
</arguments>
<status status="PASS" starttime="20200928 16:59:07.921" endtime="20200928 16:59:07.922"></status>
</kw>
<status status="PASS" starttime="20200928 16:59:07.920" endtime="20200928 16:59:07.922"></status>
</kw>
<kw name="Check notification" library="HTTP">
<doc>Receive And Reply To POST</doc>
<kw name="Initialize Client" library="HttpCtrl.Client">
<doc>Initialize client using host and port of a server which will be used for communication.</doc>
<arguments>
<arg>127.0.0.1</arg>
<arg>8000</arg>
</arguments>
<status status="PASS" starttime="20200928 16:59:07.924" endtime="20200928 16:59:07.924"></status>
</kw>
<kw name="Start Server" library="HttpCtrl.Server">
<doc>Start HTTP server on specific address and port. Server should be closed when it is not required, for example,
when test is over. In case of double call of \`Start Server\`, the previous will be stopped and only then the
next one HTTP server will be started.</doc>
<arguments>
<arg>127.0.0.1</arg>
<arg>8000</arg>
</arguments>
<msg timestamp="20200928 16:59:07.924" level="INFO">Prepare HTTP server '127.0.0.1:8000' and thread to serve it.</msg>
<status status="PASS" starttime="20200928 16:59:07.924" endtime="20200928 16:59:07.925"></status>
</kw>
<kw name="Set Variable" library="BuiltIn">
<doc>Returns the given values which can then be assigned to a variables.</doc>
<arguments>
<arg>{ "message": "Hello!" }</arg>
</arguments>
<assign>
<var>${request body}</var>
</assign>
<msg timestamp="20200928 16:59:07.925" level="INFO">${request body} = { "message": "Hello!" }</msg>
<status status="PASS" starttime="20200928 16:59:07.925" endtime="20200928 16:59:07.925"></status>
</kw>
<kw name="Send Http Request Async" library="HttpCtrl.Client">
<doc>Send HTTP request with specified parameters asynchronously. Non-blocking function to send request that waits
for reply using separate thread. Return connection object that is used as a key to get asynchronous response
using function 'Get Async Response'.</doc>
<arguments>
<arg>POST</arg>
<arg>/post</arg>
<arg>${request body}</arg>
</arguments>
<msg timestamp="20200928 16:59:07.929" level="INFO">Request (type: 'http', method 'POST') is sent to 127.0.0.1:8000.</msg>
<msg timestamp="20200928 16:59:07.929" level="INFO">POST /post</msg>
<msg timestamp="20200928 16:59:07.929" level="INFO">{ "message": "Hello!" }</msg>
<status status="PASS" starttime="20200928 16:59:07.926" endtime="20200928 16:59:07.930"></status>
</kw>
<kw name="Wait For Request" library="HttpCtrl.Server">
<doc>Command to server to wait incoming request. This call is blocked until HTTP request arrives. Basically server
receives all requests after \`Start Server\` and places them to internal queue. When test call function
\`Wait For Request\` it checks the queue and if it is not empty returns the first request in the queue. If the
queue is empty then function waits when the server receives request and place it to the queue. There is
default time period '5 seconds' to wait request and this waiting time can be changed. If during wait time the
request is not received then timeout error occurs.</doc>
<msg timestamp="20200928 16:59:07.931" level="INFO">Request is received: POST /post
{ "message": "Hello!" }</msg>
<status status="PASS" starttime="20200928 16:59:07.930" endtime="20200928 16:59:07.931"></status>
</kw>
<kw name="Reply By" library="HttpCtrl.Server">
<doc>Send response using specified HTTP code and body. This function should be called after \`Wait For Request\`.</doc>
<arguments>
<arg>200</arg>
</arguments>
<msg timestamp="20200928 16:59:07.932" level="INFO">Push response to the Response Storage: 200</msg>
<status status="PASS" starttime="20200928 16:59:07.931" endtime="20200928 16:59:07.932"></status>
</kw>
<kw name="Get Request Method" library="HttpCtrl.Server">
<doc>Returns method of received request as a string. This function should be called after \`Wait For Request\`,
otherwise None is returned.</doc>
<assign>
<var>${method}</var>
</assign>
<msg timestamp="20200928 16:59:07.933" level="INFO">${method} = POST</msg>
<status status="PASS" starttime="20200928 16:59:07.932" endtime="20200928 16:59:07.933"></status>
</kw>
<kw name="Get Request Url" library="HttpCtrl.Server">
<doc>Returns URL of received request as a string. This function should be called after \`Wait For Request\`,
otherwise None is returned.</doc>
<assign>
<var>${url}</var>
</assign>
<msg timestamp="20200928 16:59:07.934" level="INFO">${url} = /post</msg>
<status status="PASS" starttime="20200928 16:59:07.933" endtime="20200928 16:59:07.934"></status>
</kw>
<kw name="Get Request Body" library="HttpCtrl.Server">
<doc>Returns body of received request as a string. This function should be called after \`Wait For Request\`,
otherwise None is returned.</doc>
<assign>
<var>${body}</var>
</assign>
<msg timestamp="20200928 16:59:07.934" level="INFO">${body} = { "message": "Hello!" }</msg>
<status status="PASS" starttime="20200928 16:59:07.934" endtime="20200928 16:59:07.934"></status>
</kw>
<kw name="Should Be Equal" library="BuiltIn">
<doc>Fails if the given objects are unequal.</doc>
<arguments>
<arg>${method}</arg>
<arg>POST</arg>
</arguments>
<status status="PASS" starttime="20200928 16:59:07.934" endtime="20200928 16:59:07.935"></status>
</kw>
<kw name="Should Be Equal" library="BuiltIn">
<doc>Fails if the given objects are unequal.</doc>
<arguments>
<arg>${url}</arg>
<arg>/post</arg>
</arguments>
<status status="PASS" starttime="20200928 16:59:07.935" endtime="20200928 16:59:07.935"></status>
</kw>
<kw name="Should Be Equal" library="BuiltIn">
<doc>Fails if the given objects are unequal.</doc>
<arguments>
<arg>${body}</arg>
<arg>${request body}</arg>
</arguments>
<status status="PASS" starttime="20200928 16:59:07.935" endtime="20200928 16:59:07.936"></status>
</kw>
<kw name="Stop Server" library="HttpCtrl.Server">
<doc>Stop HTTP server if it has been started. This function should be called if server has been started.</doc>
<msg timestamp="20200928 16:59:07.936" level="INFO">Push response to the Response Storage: &lt;HttpCtrl.internal_messages.TerminationRequest object at 0x7f07ed396990&gt;</msg>
<msg timestamp="20200928 16:59:07.937" level="INFO">HTTP server is stopped.</msg>
<status status="PASS" starttime="20200928 16:59:07.936" endtime="20200928 16:59:07.937"></status>
</kw>
<status status="PASS" starttime="20200928 16:59:07.923" endtime="20200928 16:59:07.938"></status>
</kw>
<timeout value="30 seconds"></timeout>
<status status="PASS" starttime="20200928 16:59:07.919" endtime="20200928 16:59:07.938" critical="yes"></status>
</test>
<doc>Test Binding</doc>
<status status="PASS" starttime="20200928 16:59:07.888" endtime="20200928 16:59:07.939"></status>
</suite>
<status status="PASS" starttime="20200928 16:59:07.886" endtime="20200928 16:59:07.940"></status>
</suite>
<status status="PASS" starttime="20200928 16:59:07.865" endtime="20200928 16:59:07.941"></status>
</suite>
<statistics>
<total>
<stat pass="1" fail="0">Critical Tests</stat>
<stat pass="1" fail="0">All Tests</stat>
</total>
<tag>
</tag>
<suite>
<stat pass="1" fail="0" id="s1" name="Isg-Cim-Tpdl-Demo">Isg-Cim-Tpdl-Demo</stat>
<stat pass="1" fail="0" id="s1-s1" name="Tests">Isg-Cim-Tpdl-Demo.Tests</stat>
<stat pass="1" fail="0" id="s1-s1-s1" name="TestBinding">Isg-Cim-Tpdl-Demo.Tests.TestBinding</stat>
</suite>
</statistics>
<errors>
</errors>
</robot>
