<?xml version="1.0" encoding="UTF-8"?>
<robot generator="Robot 3.2.1 (Python 3.7.5 on linux)" generated="20200912 01:05:56.186" rpa="false">
<suite id="s1" name="Isg-Cim-Tpdl-Demo" source="/home/poliveira/git/isg-cim-tpdl-demo">
<suite id="s1-s1" name="TP" source="/home/poliveira/git/isg-cim-tpdl-demo/TP">
<suite id="s1-s1-s1" name="NGSI-LD" source="/home/poliveira/git/isg-cim-tpdl-demo/TP/NGSI-LD">
<suite id="s1-s1-s1-s1" name="ContextInformation" source="/home/poliveira/git/isg-cim-tpdl-demo/TP/NGSI-LD/ContextInformation">
<suite id="s1-s1-s1-s1-s1" name="Provision" source="/home/poliveira/git/isg-cim-tpdl-demo/TP/NGSI-LD/ContextInformation/Provision">
<suite id="s1-s1-s1-s1-s1-s1" name="Entities" source="/home/poliveira/git/isg-cim-tpdl-demo/TP/NGSI-LD/ContextInformation/Provision/Entities">
<suite id="s1-s1-s1-s1-s1-s1-s1" name="CreateEntity 200" source="/home/poliveira/git/isg-cim-tpdl-demo/TP/NGSI-LD/ContextInformation/Provision/Entities/CreateEntity_200.robot">
<test id="s1-s1-s1-s1-s1-s1-s1-t1" name="CreateEntity_200_MINIMAL">
<kw name="Log To Console" library="BuiltIn">
<doc>Logs the given message to the console.</doc>
<arguments>
<arg>"Will start Test Case CreateEntity_200_MINIMAL ..."</arg>
</arguments>
<status status="PASS" starttime="20200912 01:05:56.506" endtime="20200912 01:05:56.507"></status>
</kw>
<kw name="Create Entity">
<arguments>
<arg>{"id": "urn:ngsi-ld:Building:3009ef20-9f62-41f5-bd66-92f041b428b9", "type": "Building"}</arg>
</arguments>
<kw name="Post" library="REST">
<tags>
<tag>http</tag>
</tags>
<doc>*Sends a POST request to the endpoint.*</doc>
<arguments>
<arg>${endpoint}</arg>
<arg>body=${body}</arg>
</arguments>
<assign>
<var>${response}</var>
</assign>
<msg timestamp="20200912 01:05:57.109" level="INFO">${response} = {'seconds': 0.5796079999999999, 'status': 401, 'body': '', 'headers': {'Server': 'nginx/1.14.2', 'Date': 'Sat, 12 Sep 2020 00:05:56 GMT', 'Content-Length': '0', 'Connection': 'keep-alive', 'WWW-Authen...</msg>
<status status="PASS" starttime="20200912 01:05:56.507" endtime="20200912 01:05:57.109"></status>
</kw>
<kw name="Output" library="REST">
<tags>
<tag>I/O</tag>
</tags>
<doc>*Outputs JSON to terminal or a file.*</doc>
<arguments>
<arg>request</arg>
</arguments>
<msg timestamp="20200912 01:05:57.110" level="INFO">
{
    "method": "POST",
    "url": "https://stellio-dev.eglobalmark.com/ngsi-ld/v1/entities",
    "scheme": "https",
    "netloc": "stellio-dev.eglobalmark.com",
    "path": "/ngsi-ld/v1/entities",
    "query": {},
    "body": {
        "id": "urn:ngsi-ld:Building:3009ef20-9f62-41f5-bd66-92f041b428b9",
        "type": "Building"
    },
    "headers": {
        "Accept": "application/json, */*",
        "Content-Type": "application/json",
        "User-Agent": "RESTinstance/1.0.2"
    },
    "proxies": {},
    "timeout": [
        null,
        null
    ],
    "cert": null,
    "sslVerify": true,
    "allowRedirects": true,
    "timestamp": {
        "utc": "2020-09-12T00:05:57.090645+00:00",
        "local": "2020-09-12T01:05:57.090645+01:00"
    }
}</msg>
<status status="PASS" starttime="20200912 01:05:57.109" endtime="20200912 01:05:57.116"></status>
</kw>
<kw name="Output" library="REST">
<tags>
<tag>I/O</tag>
</tags>
<doc>*Outputs JSON to terminal or a file.*</doc>
<arguments>
<arg>response</arg>
</arguments>
<msg timestamp="20200912 01:05:57.117" level="INFO">
{
    "seconds": 0.5796079999999999,
    "status": 401,
    "body": "",
    "headers": {
        "Server": "nginx/1.14.2",
        "Date": "Sat, 12 Sep 2020 00:05:56 GMT",
        "Content-Length": "0",
        "Connection": "keep-alive",
        "WWW-Authenticate": "Bearer",
        "Cache-Control": "no-cache, no-store, max-age=0, must-revalidate",
        "Pragma": "no-cache",
        "Expires": "0",
        "X-Content-Type-Options": "nosniff",
        "X-Frame-Options": "DENY",
        "X-XSS-Protection": "1 ; mode=block",
        "Referrer-Policy": "no-referrer"
    }
}</msg>
<status status="PASS" starttime="20200912 01:05:57.116" endtime="20200912 01:05:57.118"></status>
</kw>
<kw name="Set Test Variable" library="BuiltIn">
<doc>Makes a variable available everywhere within the scope of the current test.</doc>
<arguments>
<arg>${response}</arg>
</arguments>
<msg timestamp="20200912 01:05:57.119" level="INFO">${response} = {'seconds': 0.5796079999999999, 'status': 401, 'body': '', 'headers': {'Server': 'nginx/1.14.2', 'Date': 'Sat, 12 Sep 2020 00:05:56 GMT', 'Content-Length': '0', 'Connection': 'keep-alive', 'WWW-Authen...</msg>
<status status="PASS" starttime="20200912 01:05:57.118" endtime="20200912 01:05:57.119"></status>
</kw>
<status status="PASS" starttime="20200912 01:05:56.507" endtime="20200912 01:05:57.119"></status>
</kw>
<kw name="Check HTTP Status Code Is">
<arguments>
<arg>201</arg>
</arguments>
<kw name="Log To Console" library="BuiltIn">
<doc>Logs the given message to the console.</doc>
<arguments>
<arg>${response}</arg>
</arguments>
<status status="PASS" starttime="20200912 01:05:57.120" endtime="20200912 01:05:57.120"></status>
</kw>
<kw name="Should Be Equal" library="BuiltIn">
<doc>Fails if the given objects are unequal.</doc>
<arguments>
<arg>${response['status']}</arg>
<arg>${status}</arg>
</arguments>
<msg timestamp="20200912 01:05:57.121" level="INFO">Argument types are:
&lt;class 'int'&gt;
&lt;type 'unicode'&gt;</msg>
<msg timestamp="20200912 01:05:57.121" level="FAIL">401 != 201</msg>
<status status="FAIL" starttime="20200912 01:05:57.121" endtime="20200912 01:05:57.121"></status>
</kw>
<status status="FAIL" starttime="20200912 01:05:57.119" endtime="20200912 01:05:57.122"></status>
</kw>
<doc>TP Variation description.</doc>
<tags>
<tag>critical</tag>
</tags>
<status status="FAIL" starttime="20200912 01:05:56.506" endtime="20200912 01:05:57.122" critical="yes">401 != 201</status>
</test>
<doc>TP description.</doc>
<status status="FAIL" starttime="20200912 01:05:56.222" endtime="20200912 01:05:57.123"></status>
</suite>
<status status="FAIL" starttime="20200912 01:05:56.219" endtime="20200912 01:05:57.126"></status>
</suite>
<status status="FAIL" starttime="20200912 01:05:56.216" endtime="20200912 01:05:57.129"></status>
</suite>
<status status="FAIL" starttime="20200912 01:05:56.213" endtime="20200912 01:05:57.132"></status>
</suite>
<status status="FAIL" starttime="20200912 01:05:56.210" endtime="20200912 01:05:57.134"></status>
</suite>
<status status="FAIL" starttime="20200912 01:05:56.208" endtime="20200912 01:05:57.135"></status>
</suite>
<status status="FAIL" starttime="20200912 01:05:56.187" endtime="20200912 01:05:57.137"></status>
</suite>
<statistics>
<total>
<stat pass="0" fail="1">Critical Tests</stat>
<stat pass="0" fail="1">All Tests</stat>
</total>
<tag>
<stat pass="0" fail="1">critical</stat>
</tag>
<suite>
<stat pass="0" fail="1" id="s1" name="Isg-Cim-Tpdl-Demo">Isg-Cim-Tpdl-Demo</stat>
<stat pass="0" fail="1" id="s1-s1" name="TP">Isg-Cim-Tpdl-Demo.TP</stat>
<stat pass="0" fail="1" id="s1-s1-s1" name="NGSI-LD">Isg-Cim-Tpdl-Demo.TP.NGSI-LD</stat>
<stat pass="0" fail="1" id="s1-s1-s1-s1" name="ContextInformation">Isg-Cim-Tpdl-Demo.TP.NGSI-LD.ContextInformation</stat>
<stat pass="0" fail="1" id="s1-s1-s1-s1-s1" name="Provision">Isg-Cim-Tpdl-Demo.TP.NGSI-LD.ContextInformation.Provision</stat>
<stat pass="0" fail="1" id="s1-s1-s1-s1-s1-s1" name="Entities">Isg-Cim-Tpdl-Demo.TP.NGSI-LD.ContextInformation.Provision.Entities</stat>
<stat pass="0" fail="1" id="s1-s1-s1-s1-s1-s1-s1" name="CreateEntity 200">Isg-Cim-Tpdl-Demo.TP.NGSI-LD.ContextInformation.Provision.Entities.CreateEntity 200</stat>
</suite>
</statistics>
<errors>
</errors>
</robot>
