<?xml version="1.0" encoding="UTF-8"?>
<robot generator="Robot 3.2.1 (Python 3.7.5 on linux)" generated="20200915 17:08:34.860" rpa="false">
<suite id="s1" name="SuccessCases" source="/home/poliveira/git/isg-cim-tpdl-demo/TP/NGSI-LD/ContextInformation/Provision/Entities/CreateEntity/SuccessCases.robot">
<test id="s1-t1" name="SuccessCases_MinimalEntity">
<kw name="Create Entity">
<arguments>
<arg>building-minimal.jsonld</arg>
</arguments>
<kw name="Create Dictionary" library="BuiltIn">
<doc>Creates and returns a dictionary based on the given ``items``.</doc>
<arguments>
<arg>Content-Type=application/ld+json</arg>
<arg>authorization=Bearer ${token}</arg>
</arguments>
<assign>
<var>&amp;{headers}</var>
</assign>
<msg timestamp="20200915 17:08:35.210" level="INFO">&amp;{headers} = { Content-Type=application/ld+json | authorization=Bearer eyJhbGciOiJSUzI1NiIsInR5cCIgOiAiSldUIiwia2lkIiA6ICJIS0xvcnlIcDN6VHlOY0EtNWYwQ19iVC1hbm5ldDFLSUhFT0U1VnN1NjRrIn0.eyJleHAiOjE2MDA3MDI2MjUsImlhdC...</msg>
<status status="PASS" starttime="20200915 17:08:35.209" endtime="20200915 17:08:35.210"></status>
</kw>
<kw name="Post" library="REST">
<tags>
<tag>http</tag>
</tags>
<doc>*Sends a POST request to the endpoint.*</doc>
<arguments>
<arg>${endpoint}</arg>
<arg>body=/home/poliveira/git/isg-cim-tpdl-demo/TP/NGSI-LD/ContextInformation/Provision/Entities/CreateEntity/data/${filename}</arg>
<arg>headers=${headers}</arg>
</arguments>
<assign>
<var>${response}</var>
</assign>
<msg timestamp="20200915 17:08:35.846" level="INFO">${response} = {'seconds': 0.593465, 'status': 201, 'body': '', 'headers': {'Server': 'nginx/1.14.2', 'Date': 'Tue, 15 Sep 2020 16:08:35 GMT', 'Content-Length': '0', 'Connection': 'keep-alive', 'Location': '/ngsi-ld...</msg>
<status status="PASS" starttime="20200915 17:08:35.211" endtime="20200915 17:08:35.846"></status>
</kw>
<kw name="Output" library="REST">
<tags>
<tag>I/O</tag>
</tags>
<doc>*Outputs JSON to terminal or a file.*</doc>
<arguments>
<arg>request</arg>
</arguments>
<msg timestamp="20200915 17:08:35.847" level="INFO">
{
    "method": "POST",
    "url": "https://stellio-dev.eglobalmark.com/ngsi-ld/v1/entities",
    "scheme": "https",
    "netloc": "stellio-dev.eglobalmark.com",
    "path": "/ngsi-ld/v1/entities",
    "query": {},
    "body": {
        "id": "urn:ngsi-ld:Building:3009ef20-9f62-41f5-bd66-92f041b428b9",
        "type": "Building",
        "@context": [
            "https://fiware.github.io/data-models/context.jsonld",
            "https://uri.etsi.org/ngsi-ld/v1/ngsi-ld-core-context.jsonld"
        ]
    },
    "headers": {
        "Accept": "application/json, */*",
        "Content-Type": "application/ld+json",
        "User-Agent": "RESTinstance/1.0.2",
        "authorization": "Bearer eyJhbGciOiJSUzI1NiIsInR5cCIgOiAiSldUIiwia2lkIiA6ICJIS0xvcnlIcDN6VHlOY0EtNWYwQ19iVC1hbm5ldDFLSUhFT0U1VnN1NjRrIn0.eyJleHAiOjE2MDA3MDI2MjUsImlhdCI6MTU5OTgzODYyNSwianRpIjoiMDNmYTA3YzktNjU0ZS00NDVjLWIwNjQtM2U4YzBkOTVjNzFjIiwiaXNzIjoiaHR0cHM6Ly9zc28uZWdsb2JhbG1hcmsuY29tL2F1dGgvcmVhbG1zL3N0ZWxsaW8tZGV2IiwiYXVkIjoiYWNjb3VudCIsInN1YiI6ImYzZmVlOWFkLWI3NzItNDFmMy05ZmVmLTNhODIxODI3OTUwMyIsInR5cCI6IkJlYXJlciIsImF6cCI6InR0Zi1jaW0tdWJpd2hlcmUiLCJzZXNzaW9uX3N0YXRlIjoiNzFiMGQ4N2QtZTZiOS00YTk0LTlkMDItOGQ2OTljMjQ1MzU0IiwiYWNyIjoiMSIsInJlYWxtX2FjY2VzcyI6eyJyb2xlcyI6WyJzdGVsbGlvLWNyZWF0b3IiLCJvZmZsaW5lX2FjY2VzcyIsInVtYV9hdXRob3JpemF0aW9uIl19LCJyZXNvdXJjZV9hY2Nlc3MiOnsidHRmLWNpbS11Yml3aGVyZSI6eyJyb2xlcyI6WyJ1bWFfcHJvdGVjdGlvbiJdfSwiYWNjb3VudCI6eyJyb2xlcyI6WyJtYW5hZ2UtYWNjb3VudCIsIm1hbmFnZS1hY2NvdW50LWxpbmtzIiwidmlldy1wcm9maWxlIl19fSwic2NvcGUiOiJwcm9maWxlIGVtYWlsIiwiZW1haWxfdmVyaWZpZWQiOmZhbHNlLCJjbGllbnRJZCI6InR0Zi1jaW0tdWJpd2hlcmUiLCJjbGllbnRIb3N0IjoiMTAuNS4xLjEiLCJwcmVmZXJyZWRfdXNlcm5hbWUiOiJzZXJ2aWNlLWFjY291bnQtdHRmLWNpbS11Yml3aGVyZSIsImNsaWVudEFkZHJlc3MiOiIxMC41LjEuMSJ9.WdTawXIl2SKrlYvmba25fsE-2jbB5a2jhLcLqRbULwbEWyLBZMuRAnq3ArMRB9IxawlSn1fsMfaFvcsGbdBGjVUeC1XiVezHRYlTiwEZGETi5LUsLC6DocEM_Pk2drNQZJf1AiQmnVhJxb55BBQeOBtLDJomjvFAikzwo43JglL01h4CoCcxLnU2Iv3iiqFIsENJ_h-IVD9VMZdcTkvTS3hiD52nJ2XozR5UG8gqYf55Og5NBrKBtPo5pLZ6fuKwiHYdIsQlYV_EGuWrGwkmmCiNt_ZDO9szqPIKlz8zeASuuZgCigQcL6B59_kbv1-lbMGip5UQH9TJkdKU121lLA"
    },
    "proxies": {},
    "timeout": [
        null,
        null
    ],
    "cert": null,
    "sslVerify": true,
    "allowRedirects": true,
    "timestamp": {
        "utc": "2020-09-15T16:08:35.811145+00:00",
        "local": "2020-09-15T17:08:35.811145+01:00"
    }
}</msg>
<status status="PASS" starttime="20200915 17:08:35.846" endtime="20200915 17:08:35.854"></status>
</kw>
<kw name="Output" library="REST">
<tags>
<tag>I/O</tag>
</tags>
<doc>*Outputs JSON to terminal or a file.*</doc>
<arguments>
<arg>response</arg>
</arguments>
<msg timestamp="20200915 17:08:35.855" level="INFO">
{
    "seconds": 0.593465,
    "status": 201,
    "body": "",
    "headers": {
        "Server": "nginx/1.14.2",
        "Date": "Tue, 15 Sep 2020 16:08:35 GMT",
        "Content-Length": "0",
        "Connection": "keep-alive",
        "Location": "/ngsi-ld/v1/entities/urn:ngsi-ld:Building:3009ef20-9f62-41f5-bd66-92f041b428b9",
        "Cache-Control": "no-cache, no-store, max-age=0, must-revalidate",
        "Pragma": "no-cache",
        "Expires": "0",
        "X-Content-Type-Options": "nosniff",
        "X-Frame-Options": "DENY",
        "X-XSS-Protection": "1 ; mode=block",
        "Referrer-Policy": "no-referrer",
        "Strict-Transport-Security": "max-age=31536000"
    }
}</msg>
<status status="PASS" starttime="20200915 17:08:35.854" endtime="20200915 17:08:35.855"></status>
</kw>
<kw name="Set Test Variable" library="BuiltIn">
<doc>Makes a variable available everywhere within the scope of the current test.</doc>
<arguments>
<arg>${response}</arg>
</arguments>
<msg timestamp="20200915 17:08:35.856" level="INFO">${response} = {'seconds': 0.593465, 'status': 201, 'body': '', 'headers': {'Server': 'nginx/1.14.2', 'Date': 'Tue, 15 Sep 2020 16:08:35 GMT', 'Content-Length': '0', 'Connection': 'keep-alive', 'Location': '/ngsi-ld...</msg>
<status status="PASS" starttime="20200915 17:08:35.856" endtime="20200915 17:08:35.856"></status>
</kw>
<status status="PASS" starttime="20200915 17:08:35.208" endtime="20200915 17:08:35.857"></status>
</kw>
<kw name="Check HTTP Status Code Is">
<arguments>
<arg>201</arg>
</arguments>
<kw name="Convert To String" library="BuiltIn">
<doc>Converts the given item to a Unicode string.</doc>
<arguments>
<arg>${response['status']}</arg>
</arguments>
<assign>
<var>${response_status}</var>
</assign>
<msg timestamp="20200915 17:08:35.858" level="INFO">${response_status} = 201</msg>
<status status="PASS" starttime="20200915 17:08:35.857" endtime="20200915 17:08:35.858"></status>
</kw>
<kw name="Should Be Equal" library="BuiltIn">
<doc>Fails if the given objects are unequal.</doc>
<arguments>
<arg>${response_status}</arg>
<arg>${status}</arg>
</arguments>
<status status="PASS" starttime="20200915 17:08:35.858" endtime="20200915 17:08:35.858"></status>
</kw>
<status status="PASS" starttime="20200915 17:08:35.857" endtime="20200915 17:08:35.859"></status>
</kw>
<kw name="Delete Entity by Id">
<arguments>
<arg>${id}</arg>
</arguments>
<kw name="Create Dictionary" library="BuiltIn">
<doc>Creates and returns a dictionary based on the given ``items``.</doc>
<arguments>
<arg>authorization=Bearer ${token}</arg>
</arguments>
<assign>
<var>&amp;{headers}</var>
</assign>
<msg timestamp="20200915 17:08:35.860" level="INFO">&amp;{headers} = { authorization=Bearer eyJhbGciOiJSUzI1NiIsInR5cCIgOiAiSldUIiwia2lkIiA6ICJIS0xvcnlIcDN6VHlOY0EtNWYwQ19iVC1hbm5ldDFLSUhFT0U1VnN1NjRrIn0.eyJleHAiOjE2MDA3MDI2MjUsImlhdCI6MTU5OTgzODYyNSwianRpIjoiMDNmYTA3Y...</msg>
<status status="PASS" starttime="20200915 17:08:35.859" endtime="20200915 17:08:35.860"></status>
</kw>
<kw name="Delete" library="REST">
<tags>
<tag>http</tag>
</tags>
<doc>*Sends a DELETE request to the endpoint.*</doc>
<arguments>
<arg>${endpoint}/${id}</arg>
<arg>headers=${headers}</arg>
</arguments>
<assign>
<var>${response}</var>
</assign>
<msg timestamp="20200915 17:08:36.183" level="INFO">${response} = {'seconds': 0.31529399999999996, 'status': 204, 'body': '', 'headers': {'Server': 'nginx/1.14.2', 'Date': 'Tue, 15 Sep 2020 16:08:36 GMT', 'Connection': 'keep-alive', 'Cache-Control': 'no-cache, no-st...</msg>
<status status="PASS" starttime="20200915 17:08:35.860" endtime="20200915 17:08:36.184"></status>
</kw>
<kw name="Output" library="REST">
<tags>
<tag>I/O</tag>
</tags>
<doc>*Outputs JSON to terminal or a file.*</doc>
<arguments>
<arg>request</arg>
</arguments>
<msg timestamp="20200915 17:08:36.186" level="INFO">
{
    "method": "DELETE",
    "url": "https://stellio-dev.eglobalmark.com/ngsi-ld/v1/entities/urn:ngsi-ld:Building:3009ef20-9f62-41f5-bd66-92f041b428b9",
    "scheme": "https",
    "netloc": "stellio-dev.eglobalmark.com",
    "path": "/ngsi-ld/v1/entities/urn:ngsi-ld:Building:3009ef20-9f62-41f5-bd66-92f041b428b9",
    "query": {},
    "body": null,
    "headers": {
        "Accept": "application/json, */*",
        "Content-Type": "application/json",
        "User-Agent": "RESTinstance/1.0.2",
        "authorization": "Bearer eyJhbGciOiJSUzI1NiIsInR5cCIgOiAiSldUIiwia2lkIiA6ICJIS0xvcnlIcDN6VHlOY0EtNWYwQ19iVC1hbm5ldDFLSUhFT0U1VnN1NjRrIn0.eyJleHAiOjE2MDA3MDI2MjUsImlhdCI6MTU5OTgzODYyNSwianRpIjoiMDNmYTA3YzktNjU0ZS00NDVjLWIwNjQtM2U4YzBkOTVjNzFjIiwiaXNzIjoiaHR0cHM6Ly9zc28uZWdsb2JhbG1hcmsuY29tL2F1dGgvcmVhbG1zL3N0ZWxsaW8tZGV2IiwiYXVkIjoiYWNjb3VudCIsInN1YiI6ImYzZmVlOWFkLWI3NzItNDFmMy05ZmVmLTNhODIxODI3OTUwMyIsInR5cCI6IkJlYXJlciIsImF6cCI6InR0Zi1jaW0tdWJpd2hlcmUiLCJzZXNzaW9uX3N0YXRlIjoiNzFiMGQ4N2QtZTZiOS00YTk0LTlkMDItOGQ2OTljMjQ1MzU0IiwiYWNyIjoiMSIsInJlYWxtX2FjY2VzcyI6eyJyb2xlcyI6WyJzdGVsbGlvLWNyZWF0b3IiLCJvZmZsaW5lX2FjY2VzcyIsInVtYV9hdXRob3JpemF0aW9uIl19LCJyZXNvdXJjZV9hY2Nlc3MiOnsidHRmLWNpbS11Yml3aGVyZSI6eyJyb2xlcyI6WyJ1bWFfcHJvdGVjdGlvbiJdfSwiYWNjb3VudCI6eyJyb2xlcyI6WyJtYW5hZ2UtYWNjb3VudCIsIm1hbmFnZS1hY2NvdW50LWxpbmtzIiwidmlldy1wcm9maWxlIl19fSwic2NvcGUiOiJwcm9maWxlIGVtYWlsIiwiZW1haWxfdmVyaWZpZWQiOmZhbHNlLCJjbGllbnRJZCI6InR0Zi1jaW0tdWJpd2hlcmUiLCJjbGllbnRIb3N0IjoiMTAuNS4xLjEiLCJwcmVmZXJyZWRfdXNlcm5hbWUiOiJzZXJ2aWNlLWFjY291bnQtdHRmLWNpbS11Yml3aGVyZSIsImNsaWVudEFkZHJlc3MiOiIxMC41LjEuMSJ9.WdTawXIl2SKrlYvmba25fsE-2jbB5a2jhLcLqRbULwbEWyLBZMuRAnq3ArMRB9IxawlSn1fsMfaFvcsGbdBGjVUeC1XiVezHRYlTiwEZGETi5LUsLC6DocEM_Pk2drNQZJf1AiQmnVhJxb55BBQeOBtLDJomjvFAikzwo43JglL01h4CoCcxLnU2Iv3iiqFIsENJ_h-IVD9VMZdcTkvTS3hiD52nJ2XozR5UG8gqYf55Og5NBrKBtPo5pLZ6fuKwiHYdIsQlYV_EGuWrGwkmmCiNt_ZDO9szqPIKlz8zeASuuZgCigQcL6B59_kbv1-lbMGip5UQH9TJkdKU121lLA"
    },
    "proxies": {},
    "timeout": [
        null,
        null
    ],
    "cert": null,
    "sslVerify": true,
    "allowRedirects": true,
    "timestamp": {
        "utc": "2020-09-15T16:08:36.179966+00:00",
        "local": "2020-09-15T17:08:36.179966+01:00"
    }
}</msg>
<status status="PASS" starttime="20200915 17:08:36.185" endtime="20200915 17:08:36.190"></status>
</kw>
<kw name="Output" library="REST">
<tags>
<tag>I/O</tag>
</tags>
<doc>*Outputs JSON to terminal or a file.*</doc>
<arguments>
<arg>response</arg>
</arguments>
<msg timestamp="20200915 17:08:36.192" level="INFO">
{
    "seconds": 0.31529399999999996,
    "status": 204,
    "body": "",
    "headers": {
        "Server": "nginx/1.14.2",
        "Date": "Tue, 15 Sep 2020 16:08:36 GMT",
        "Connection": "keep-alive",
        "Cache-Control": "no-cache, no-store, max-age=0, must-revalidate",
        "Pragma": "no-cache",
        "Expires": "0",
        "X-Content-Type-Options": "nosniff",
        "X-Frame-Options": "DENY",
        "X-XSS-Protection": "1 ; mode=block",
        "Referrer-Policy": "no-referrer",
        "Strict-Transport-Security": "max-age=31536000"
    }
}</msg>
<status status="PASS" starttime="20200915 17:08:36.191" endtime="20200915 17:08:36.195"></status>
</kw>
<status status="PASS" starttime="20200915 17:08:35.859" endtime="20200915 17:08:36.195"></status>
</kw>
<doc>Create an entity with a JSON-LD payload containing the minimal information</doc>
<tags>
<tag>critical</tag>
</tags>
<status status="PASS" starttime="20200915 17:08:35.207" endtime="20200915 17:08:36.196" critical="yes"></status>
</test>
<doc>Check that the IUT accepts the creation of an entity</doc>
<status status="PASS" starttime="20200915 17:08:34.861" endtime="20200915 17:08:36.199"></status>
</suite>
<statistics>
<total>
<stat pass="1" fail="0">Critical Tests</stat>
<stat pass="1" fail="0">All Tests</stat>
</total>
<tag>
<stat pass="1" fail="0">critical</stat>
</tag>
<suite>
<stat pass="1" fail="0" id="s1" name="SuccessCases">SuccessCases</stat>
</suite>
</statistics>
<errors>
</errors>
</robot>
